<?xml version="1.0" encoding="UTF-8"?>
<!-- Generated by org.testng.reporters.JUnitReportReporter -->
<testsuite hostname="LAPTOP-RNSLCEP9" failures="0" tests="1" name="com.amazon.test.testitems.HomePageTest" time="32.614" errors="0" timestamp="2020-11-26T17:18:32 IST" skipped="0">
  <testcase classname="com.amazon.test.testitems.HomePageTest" name="testhomePageTitle" time="32.614"/>
  <system-out/>
</testsuite> <!-- com.amazon.test.testitems.HomePageTest -->
