<?xml version="1.0" encoding="UTF-8"?>
<!-- Generated by org.testng.reporters.JUnitReportReporter -->
<testsuite hostname="LAPTOP-RNSLCEP9" failures="0" tests="1" name="com.amazon.test.testitems.HomePageTest" time="31.270" errors="0" timestamp="2020-11-28T00:36:16 IST" skipped="0">
  <testcase classname="com.amazon.test.testitems.HomePageTest" name="testhomePageTitle" time="31.270"/>
  <system-out/>
</testsuite> <!-- com.amazon.test.testitems.HomePageTest -->
