<?xml version="1.0" encoding="UTF-8"?>
<!-- Generated by org.testng.reporters.JUnitReportReporter -->
<testsuite hostname="LAPTOP-RNSLCEP9" failures="0" tests="1" name="com.amazon.test.testitems.HomePageTest" time="47.376" errors="0" timestamp="2020-11-27T22:09:12 IST" skipped="0">
  <testcase classname="com.amazon.test.testitems.HomePageTest" name="testhomePageTitle" time="47.376"/>
  <system-out/>
</testsuite> <!-- com.amazon.test.testitems.HomePageTest -->
